-------------------------------------------------------------------------------
Test set: com.tianyi.datacenter.server.service.storage.impl.DataStorageDDLServiceUnitTest
-------------------------------------------------------------------------------
Tests run: 3, Failures: 1, Errors: 0, Skipped: 0, Time elapsed: 0.218 s <<< FAILURE! - in com.tianyi.datacenter.server.service.storage.impl.DataStorageDDLServiceUnitTest
alterTable(com.tianyi.datacenter.server.service.storage.impl.DataStorageDDLServiceUnitTest)  Time elapsed: 0.141 s  <<< FAILURE!
java.lang.AssertionError
	at com.tianyi.datacenter.server.service.storage.impl.DataStorageDDLServiceUnitTest.alterTable(DataStorageDDLServiceUnitTest.java:132)

