<?xml version="1.0" encoding="UTF-8"?>
<testsuite xmlns:xsi="http://www.w3.org/2001/XMLSchema-instance" xsi:noNamespaceSchemaLocation="https://maven.apache.org/surefire/maven-surefire-plugin/xsd/surefire-test-report.xsd" name="com.tianyi.datacenter.server.controller.object.DataObjectControllerUnitTest" time="0" tests="5" errors="0" skipped="0" failures="0">
  <properties>
[...]
</properties>
  <testcase name="listDataObject" classname="com.tianyi.datacenter.server.controller.object.DataObjectControllerUnitTest" time="0"/>
  <testcase name="deleteDataObject" classname="com.tianyi.datacenter.server.controller.object.DataObjectControllerUnitTest" time="0"/>
  <testcase name="updateDataObject" classname="com.tianyi.datacenter.server.controller.object.DataObjectControllerUnitTest" time="0"/>
  <testcase name="addDataObject" classname="com.tianyi.datacenter.server.controller.object.DataObjectControllerUnitTest" time="0"/>
  <testcase name="bindDicAttribute" classname="com.tianyi.datacenter.server.controller.object.DataObjectControllerUnitTest" time="0"/>
</testsuite>